[2016-03-01 11:53:40] production.ERROR: exception 'ErrorException' with message 'Trying to get property of non-object' in F:\xampp\htdocs\gamekienthuc\app\helpers\Function.php:567
Stack trace:
#0 F:\xampp\htdocs\gamekienthuc\app\helpers\Function.php(567): Illuminate\Exception\Handler->handleError(8, 'Trying to get p...', 'F:\xampp\htdocs...', 567, Array)
#1 F:\xampp\htdocs\gamekienthuc\app\storage\views\5afc37ccae1c3e4d8bba5b1f38a63af5(70): getStatusSeoParent(Object(CategoryParent), 'CategoryParent')
#2 F:\xampp\htdocs\gamekienthuc\vendor\laravel\framework\src\Illuminate\View\Engines\PhpEngine.php(37): include('F:\xampp\htdocs...')
#3 F:\xampp\htdocs\gamekienthuc\vendor\laravel\framework\src\Illuminate\View\Engines\CompilerEngine.php(56): Illuminate\View\Engines\PhpEngine->evaluatePath('F:\xampp\htdocs...', Array)
#4 F:\xampp\htdocs\gamekienthuc\vendor\laravel\framework\src\Illuminate\View\View.php(140): Illuminate\View\Engines\CompilerEngine->get('F:\xampp\htdocs...', Array)
#5 F:\xampp\htdocs\gamekienthuc\vendor\laravel\framework\src\Illuminate\View\View.php(109): Illuminate\View\View->getContents()
#6 F:\xampp\htdocs\gamekienthuc\vendor\laravel\framework\src\Illuminate\View\View.php(78): Illuminate\View\View->renderContents()
#7 F:\xampp\htdocs\gamekienthuc\vendor\laravel\framework\src\Illuminate\Http\Response.php(43): Illuminate\View\View->render()
#8 F:\xampp\htdocs\gamekienthuc\vendor\symfony\http-foundation\Symfony\Component\HttpFoundation\Response.php(202): Illuminate\Http\Response->setContent(Object(Illuminate\View\View))
#9 F:\xampp\htdocs\gamekienthuc\vendor\laravel\framework\src\Illuminate\Routing\Router.php(1501): Symfony\Component\HttpFoundation\Response->__construct(Object(Illuminate\View\View))
#10 F:\xampp\htdocs\gamekienthuc\vendor\laravel\framework\src\Illuminate\Routing\Router.php(1036): Illuminate\Routing\Router->prepareResponse(Object(Illuminate\Http\Request), Object(Illuminate\View\View))
#11 F:\xampp\htdocs\gamekienthuc\vendor\laravel\framework\src\Illuminate\Routing\Router.php(1001): Illuminate\Routing\Router->dispatchToRoute(Object(Illuminate\Http\Request))
#12 F:\xampp\htdocs\gamekienthuc\vendor\laravel\framework\src\Illuminate\Foundation\Application.php(775): Illuminate\Routing\Router->dispatch(Object(Illuminate\Http\Request))
#13 F:\xampp\htdocs\gamekienthuc\vendor\laravel\framework\src\Illuminate\Foundation\Application.php(745): Illuminate\Foundation\Application->dispatch(Object(Illuminate\Http\Request))
#14 F:\xampp\htdocs\gamekienthuc\vendor\laravel\framework\src\Illuminate\Session\Middleware.php(72): Illuminate\Foundation\Application->handle(Object(Illuminate\Http\Request), 1, true)
#15 F:\xampp\htdocs\gamekienthuc\vendor\laravel\framework\src\Illuminate\Cookie\Queue.php(47): Illuminate\Session\Middleware->handle(Object(Illuminate\Http\Request), 1, true)
#16 F:\xampp\htdocs\gamekienthuc\vendor\laravel\framework\src\Illuminate\Cookie\Guard.php(51): Illuminate\Cookie\Queue->handle(Object(Illuminate\Http\Request), 1, true)
#17 F:\xampp\htdocs\gamekienthuc\vendor\stack\builder\src\Stack\StackedHttpKernel.php(23): Illuminate\Cookie\Guard->handle(Object(Illuminate\Http\Request), 1, true)
#18 F:\xampp\htdocs\gamekienthuc\vendor\laravel\framework\src\Illuminate\Foundation\Application.php(641): Stack\StackedHttpKernel->handle(Object(Illuminate\Http\Request))
#19 F:\xampp\htdocs\gamekienthuc\public\index.php(50): Illuminate\Foundation\Application->run()
#20 {main}

Next exception 'ErrorException' with message 'Trying to get property of non-object (View: F:\xampp\htdocs\gamekienthuc\app\views\admin\category_parent\index.blade.php)' in F:\xampp\htdocs\gamekienthuc\app\helpers\Function.php:567
Stack trace:
#0 F:\xampp\htdocs\gamekienthuc\vendor\laravel\framework\src\Illuminate\View\Engines\PhpEngine.php(41): Illuminate\View\Engines\CompilerEngine->handleViewException(Object(ErrorException), 1)
#1 F:\xampp\htdocs\gamekienthuc\vendor\laravel\framework\src\Illuminate\View\Engines\CompilerEngine.php(56): Illuminate\View\Engines\PhpEngine->evaluatePath('F:\xampp\htdocs...', Array)
#2 F:\xampp\htdocs\gamekienthuc\vendor\laravel\framework\src\Illuminate\View\View.php(140): Illuminate\View\Engines\CompilerEngine->get('F:\xampp\htdocs...', Array)
#3 F:\xampp\htdocs\gamekienthuc\vendor\laravel\framework\src\Illuminate\View\View.php(109): Illuminate\View\View->getContents()
#4 F:\xampp\htdocs\gamekienthuc\vendor\laravel\framework\src\Illuminate\View\View.php(78): Illuminate\View\View->renderContents()
#5 F:\xampp\htdocs\gamekienthuc\vendor\laravel\framework\src\Illuminate\Http\Response.php(43): Illuminate\View\View->render()
#6 F:\xampp\htdocs\gamekienthuc\vendor\symfony\http-foundation\Symfony\Component\HttpFoundation\Response.php(202): Illuminate\Http\Response->setContent(Object(Illuminate\View\View))
#7 F:\xampp\htdocs\gamekienthuc\vendor\laravel\framework\src\Illuminate\Routing\Router.php(1501): Symfony\Component\HttpFoundation\Response->__construct(Object(Illuminate\View\View))
#8 F:\xampp\htdocs\gamekienthuc\vendor\laravel\framework\src\Illuminate\Routing\Router.php(1036): Illuminate\Routing\Router->prepareResponse(Object(Illuminate\Http\Request), Object(Illuminate\View\View))
#9 F:\xampp\htdocs\gamekienthuc\vendor\laravel\framework\src\Illuminate\Routing\Router.php(1001): Illuminate\Routing\Router->dispatchToRoute(Object(Illuminate\Http\Request))
#10 F:\xampp\htdocs\gamekienthuc\vendor\laravel\framework\src\Illuminate\Foundation\Application.php(775): Illuminate\Routing\Router->dispatch(Object(Illuminate\Http\Request))
#11 F:\xampp\htdocs\gamekienthuc\vendor\laravel\framework\src\Illuminate\Foundation\Application.php(745): Illuminate\Foundation\Application->dispatch(Object(Illuminate\Http\Request))
#12 F:\xampp\htdocs\gamekienthuc\vendor\laravel\framework\src\Illuminate\Session\Middleware.php(72): Illuminate\Foundation\Application->handle(Object(Illuminate\Http\Request), 1, true)
#13 F:\xampp\htdocs\gamekienthuc\vendor\laravel\framework\src\Illuminate\Cookie\Queue.php(47): Illuminate\Session\Middleware->handle(Object(Illuminate\Http\Request), 1, true)
#14 F:\xampp\htdocs\gamekienthuc\vendor\laravel\framework\src\Illuminate\Cookie\Guard.php(51): Illuminate\Cookie\Queue->handle(Object(Illuminate\Http\Request), 1, true)
#15 F:\xampp\htdocs\gamekienthuc\vendor\stack\builder\src\Stack\StackedHttpKernel.php(23): Illuminate\Cookie\Guard->handle(Object(Illuminate\Http\Request), 1, true)
#16 F:\xampp\htdocs\gamekienthuc\vendor\laravel\framework\src\Illuminate\Foundation\Application.php(641): Stack\StackedHttpKernel->handle(Object(Illuminate\Http\Request))
#17 F:\xampp\htdocs\gamekienthuc\public\index.php(50): Illuminate\Foundation\Application->run()
#18 {main} [] []
